
2021-06-153 21:04:04 INFO  For Loop Output:7 - The Execution of For Loop Starts Here!!!!!
2021-06-153 21:04:04 INFO  For Loop Output:11 - The Even Number is :20
2021-06-153 21:04:04 INFO  For Loop Output:11 - The Even Number is :22
2021-06-153 21:04:04 INFO  For Loop Output:11 - The Even Number is :24
2021-06-153 21:04:04 INFO  For Loop Output:11 - The Even Number is :26
2021-06-153 21:04:04 INFO  For Loop Output:11 - The Even Number is :28
2021-06-153 21:04:04 INFO  For Loop Output:11 - The Even Number is :30
2021-06-153 21:04:04 INFO  For Loop Output:11 - The Even Number is :32
2021-06-153 21:04:04 INFO  For Loop Output:11 - The Even Number is :34
2021-06-153 21:04:04 INFO  For Loop Output:11 - The Even Number is :36
2021-06-153 21:04:04 INFO  For Loop Output:11 - The Even Number is :38
2021-06-153 21:04:04 INFO  For Loop Output:11 - The Even Number is :40
2021-06-153 21:04:04 INFO  For Loop Output:14 - The Execution of For Loop ends Here!!!!!

2021-06-155 14:36:12 INFO  :18 - The Execution Program Loop Starts Here!!!!!
2021-06-155 15:07:27 INFO  Home Work1:18 - The Execution Program Starts Here!!!!!
2021-06-155 15:07:27 INFO  Home Work1:20 - WebBrowser opens Successfully!!!!!
2021-06-155 15:07:32 INFO  Home Work1:23 - Successfully maximized!!!!!!!!!!
2021-06-155 15:07:34 INFO  Home Work1:35 - login page navigated Successfully!!!!!
2021-06-155 15:07:36 INFO  Home Work1:48 - user name entered  Successfully!!!!!
2021-06-155 15:07:38 INFO  Home Work1:51 - Password entered  Successfully!!!!!
2021-06-155 15:07:40 INFO  Home Work1:54 - Login Button entered  Successfully!!!!!
2021-06-155 15:07:41 INFO  Home Work1:56 - popup window closed Successfully!!!!!
2021-06-155 15:07:44 INFO  Home Work1:66 - UserButton Clicked Successfully!!!!!
2021-06-155 15:07:45 INFO  Home Work1:71 - firstname,lastname,email entered Successfully!!!!!
2021-06-155 15:07:48 INFO  Home Work1:76 - Usernsme,password,passwordCopy entered Successfully!!!!!
2021-06-155 15:07:49 INFO  Home Work1:79 - UserCreated Successfully!!!!!
2021-06-155 15:07:55 INFO  Home Work1:97 - Delete User Successfully!!!!!
2021-06-155 15:08:00 INFO  Home Work1:109 - Logout Successfully!!!!!
2021-06-155 15:08:05 INFO  Home Work1:122 - Closed Application Successfully!!!!!


2021-06-155 15:14:42 INFO  Home Work1:18 - The Execution Program Starts Here!!!!!
2021-06-155 15:14:42 INFO  Home Work1:20 - WebBrowser opens Successfully!!!!!
2021-06-155 15:14:46 INFO  Home Work1:23 - Successfully maximized!!!!!!!!!!
2021-06-155 15:14:48 INFO  Home Work1:35 - login page navigated Successfully!!!!!
2021-06-155 15:14:50 INFO  Home Work1:48 - user name entered  Successfully!!!!!
2021-06-155 15:14:52 INFO  Home Work1:51 - Password entered  Successfully!!!!!
2021-06-155 15:14:54 INFO  Home Work1:54 - Login Button entered  Successfully!!!!!
2021-06-155 15:14:55 INFO  Home Work1:56 - popup window closed Successfully!!!!!
2021-06-155 15:14:58 INFO  Home Work1:66 - UserButton Clicked Successfully!!!!!
2021-06-155 15:14:59 INFO  Home Work1:69 - firstname entered Successfully!!!!!
2021-06-155 15:14:59 INFO  Home Work1:71 - lastname entered Successfully!!!!!
2021-06-155 15:15:00 INFO  Home Work1:73 - email entered Successfully!!!!!
2021-06-155 15:15:02 INFO  Home Work1:76 - Usernsme entered Successfully!!!!!
2021-06-155 15:15:02 INFO  Home Work1:78 - password entered Successfully!!!!!
2021-06-155 15:15:02 INFO  Home Work1:80 - passwordCopy enterd sucessfully!!!!!
2021-06-155 15:15:03 INFO  Home Work1:83 - UserCreated Successfully!!!!!
2021-06-155 15:15:10 INFO  Home Work1:101 - Delete User Successfully!!!!!
2021-06-155 15:15:15 INFO  Home Work1:113 - Logout Successfully!!!!!
2021-06-155 15:15:15 INFO  Home Work1:126 - Closed Application Successfully!!!!!
2021-06-155 17:35:15 INFO  Output for second HomeWork:19 - The Execution of second HomeWork Starts Here!!!!!
2021-06-155 17:35:41 INFO  Output for second HomeWork:19 - The Execution of second HomeWork Starts Here!!!!!
2021-06-155 17:36:53 INFO  Output for second HomeWork:20 - The Execution of second HomeWork Starts Here!!!!!
2021-06-155 17:38:03 INFO  Output for second HomeWork:20 - The Execution of second HomeWork Starts Here!!!!!
2021-06-155 17:38:06 INFO  Output for second HomeWork:23 - Browser Lauched successfully
2021-06-155 17:38:09 INFO  Output for second HomeWork:37 - navigated successfully
2021-06-155 17:38:39 INFO  Output for second HomeWork:20 - The Execution of second HomeWork Starts Here!!!!!
2021-06-155 17:38:42 INFO  Output for second HomeWork:23 - Browser Lauched successfully
2021-06-155 17:38:46 INFO  Output for second HomeWork:37 - navigated successfully
2021-06-155 17:43:45 INFO  Output for second HomeWork:20 - The Execution of second HomeWork Starts Here!!!!!
2021-06-155 17:43:48 INFO  Output for second HomeWork:23 - Browser Lauched successfully
2021-06-155 17:43:52 INFO  Output for second HomeWork:37 - navigated successfully
2021-06-155 17:43:54 INFO  Output for second HomeWork:51 - username entered
2021-06-155 17:43:54 INFO  Output for second HomeWork:53 - Password entered
2021-06-155 17:43:54 INFO  Output for second HomeWork:55 - login button clicked successfull
2021-06-155 17:43:59 INFO  Output for second HomeWork:69 - fly Window Minimized
2021-06-155 17:44:10 INFO  Output for second HomeWork:100 - user created successfull
2021-06-155 17:44:17 INFO  Output for second HomeWork:137 - user modified successfull
2021-06-155 17:44:19 INFO  Output for second HomeWork:175 - logout successfull
2021-06-155 17:44:20 INFO  Output for second HomeWork:190 - application closed successfull
2021-06-155 17:44:20 INFO  Output for second HomeWork:191 - The Execution of second HomeWork ends Here!!!!!
2021-06-155 17:44:38 INFO  Output for second HomeWork:20 - The Execution of second HomeWork Starts Here!!!!!
2021-06-155 17:44:41 INFO  Output for second HomeWork:23 - Browser Lauched successfully
2021-06-155 17:44:45 INFO  Output for second HomeWork:37 - navigated successfully
2021-06-155 17:44:47 INFO  Output for second HomeWork:51 - username entered
2021-06-155 17:44:48 INFO  Output for second HomeWork:53 - Password entered
2021-06-155 17:44:48 INFO  Output for second HomeWork:55 - login button clicked successfull
2021-06-155 17:44:52 INFO  Output for second HomeWork:69 - fly Window Minimized
2021-06-155 17:45:03 INFO  Output for second HomeWork:100 - user created successfull
2021-06-155 17:45:10 INFO  Output for second HomeWork:137 - user modified successfull
2021-06-155 17:45:13 INFO  Output for second HomeWork:190 - application closed successfull
2021-06-155 17:45:13 INFO  Output for second HomeWork:191 - The Execution of second HomeWork ends Here!!!!!
2021-06-155 17:45:48 INFO  Output for second HomeWork:20 - The Execution of second HomeWork Starts Here!!!!!
2021-06-155 17:45:51 INFO  Output for second HomeWork:23 - Browser Lauched successfully
2021-06-155 17:45:55 INFO  Output for second HomeWork:37 - navigated successfully
2021-06-155 17:45:57 INFO  Output for second HomeWork:51 - username entered
2021-06-155 17:45:57 INFO  Output for second HomeWork:53 - Password entered
2021-06-155 17:45:57 INFO  Output for second HomeWork:55 - login button clicked successfull
2021-06-155 17:46:01 INFO  Output for second HomeWork:69 - fly Window Minimized
2021-06-155 17:46:13 INFO  Output for second HomeWork:100 - user created successfull
2021-06-155 17:46:20 INFO  Output for second HomeWork:137 - user modified successfull
2021-06-155 17:46:23 INFO  Output for second HomeWork:160 - user delted successfull
2021-06-155 17:46:24 INFO  Output for second HomeWork:175 - logout successfull
2021-06-155 17:46:26 INFO  Output for second HomeWork:190 - application closed successfull
2021-06-155 17:46:26 INFO  Output for second HomeWork:191 - The Execution of second HomeWork ends Here!!!!!
2021-06-155 17:51:21 INFO  Output for third HomeWork:19 - The Execution of Third HomeWork Starts Here!!!!!
2021-06-155 17:51:24 INFO  Output for third HomeWork:22 - successfully launched chrome browser
2021-06-155 17:51:27 INFO  Output for third HomeWork:36 - successfully navigated
2021-06-155 17:51:29 INFO  Output for third HomeWork:188 - application closed successfully
2021-06-155 17:51:29 INFO  Output for third HomeWork:189 - The Execution of third HomeWork Starts Here!!!!!
2021-06-155 17:51:29 INFO  Output for third HomeWork:190 - ---------------------------------------------------
2021-06-155 17:51:51 INFO  Output for third HomeWork:19 - The Execution of Third HomeWork Starts Here!!!!!
2021-06-155 17:51:54 INFO  Output for third HomeWork:22 - successfully launched chrome browser
2021-06-155 17:51:57 INFO  Output for third HomeWork:36 - successfully navigated
2021-06-155 17:51:59 INFO  Output for third HomeWork:50 - user name entered
2021-06-155 17:51:59 INFO  Output for third HomeWork:52 - password entered
2021-06-155 17:51:59 INFO  Output for third HomeWork:54 - login button clicked successfully
2021-06-155 17:52:04 INFO  Output for third HomeWork:68 - Fly Window Minimized successfully
2021-06-155 17:52:15 INFO  Output for third HomeWork:99 - user created successfully
2021-06-155 17:52:24 INFO  Output for third HomeWork:135 - user modified successfully
2021-06-155 17:52:30 INFO  Output for third HomeWork:158 - user deleted successfully
2021-06-155 17:52:31 INFO  Output for third HomeWork:173 - Logout successfull
2021-06-155 17:52:32 INFO  Output for third HomeWork:188 - application closed successfully
2021-06-155 17:52:32 INFO  Output for third HomeWork:189 - The Execution of third HomeWork Starts Here!!!!!
2021-06-155 17:52:32 INFO  Output for third HomeWork:190 - ---------------------------------------------------
2021-06-155 17:54:22 INFO  Output for third HomeWork:19 - The Execution of Third HomeWork Starts Here!!!!!
2021-06-155 17:54:25 INFO  Output for third HomeWork:22 - successfully launched chrome browser
2021-06-155 17:54:27 INFO  Output for third HomeWork:36 - successfully navigated
2021-06-155 17:54:29 INFO  Output for third HomeWork:50 - user name entered
2021-06-155 17:54:29 INFO  Output for third HomeWork:52 - password entered
2021-06-155 17:54:30 INFO  Output for third HomeWork:54 - login button clicked successfully
2021-06-155 17:54:34 INFO  Output for third HomeWork:68 - Fly Window Minimized successfully
2021-06-155 17:54:53 INFO  Output for third HomeWork:99 - user created successfully
2021-06-155 17:55:03 INFO  Output for third HomeWork:135 - user modified successfully
2021-06-155 17:55:08 INFO  Output for third HomeWork:158 - user deleted successfully
2021-06-155 17:55:09 INFO  Output for third HomeWork:173 - Logout successfull
2021-06-155 17:55:11 INFO  Output for third HomeWork:188 - application closed successfully
2021-06-155 17:55:11 INFO  Output for third HomeWork:189 - The Execution of third HomeWork Starts Here!!!!!
2021-06-155 17:55:11 INFO  Output for third HomeWork:190 - ---------------------------------------------------
2021-06-155 18:07:56 INFO  Output for third HomeWork:20 - The Execution of third HomeWork Starts Here!!!!!
2021-06-155 18:08:21 INFO  Output for third HomeWork:37 - Login Completed!!!!!
2021-06-155 18:08:28 INFO  Output for third HomeWork:53 - Login successfully!!!!!
2021-06-155 18:08:42 INFO  Output for third HomeWork:117 - close application successfully
2021-06-156 09:58:47 INFO  Output for third HomeWork:20 - The Execution of third HomeWork Starts Here!!!!!
2021-06-156 09:59:21 INFO  Output for third HomeWork:37 - Login Completed!!!!!
2021-06-156 09:59:26 INFO  Output for third HomeWork:53 - Login successfully!!!!!
2021-06-156 09:59:31 INFO  Output for third HomeWork:117 - close application successfully
2021-06-156 10:01:11 INFO  Output for third HomeWork:20 - The Execution of third HomeWork Starts Here!!!!!
2021-06-156 10:01:22 INFO  Output for third HomeWork:37 - navigate Completed!!!!!
2021-06-156 10:01:28 INFO  Output for third HomeWork:53 - Login successfully!!!!!
2021-06-156 10:01:32 INFO  Output for third HomeWork:68 - customer name
2021-06-156 10:01:32 INFO  Output for third HomeWork:70 - discription  given Successfully
2021-06-156 10:01:32 INFO  Output for third HomeWork:72 - User Created Successfully
2021-06-156 10:01:39 INFO  Output for third HomeWork:117 - close application successfully
2021-06-156 10:02:58 INFO  Output for third HomeWork:20 - The Execution of third HomeWork Starts Here!!!!!
2021-06-156 10:03:10 INFO  Output for third HomeWork:37 - navigate Completed!!!!!
2021-06-156 10:03:16 INFO  Output for third HomeWork:53 - Login successfully!!!!!
2021-06-156 10:03:18 INFO  Output for third HomeWork:68 - customer name
2021-06-156 10:03:19 INFO  Output for third HomeWork:70 - discription  given Successfully
2021-06-156 10:03:19 INFO  Output for third HomeWork:72 - User Created Successfully
2021-06-156 10:03:24 INFO  Output for third HomeWork:103 - Logot successfully
2021-06-156 10:03:27 INFO  Output for third HomeWork:117 - close application successfully
2021-06-156 10:06:34 INFO  Output for third HomeWork:20 - The Execution of third HomeWork Starts Here!!!!!
2021-06-156 10:06:45 INFO  Output for third HomeWork:37 - navigate Completed!!!!!
2021-06-156 10:06:50 INFO  Output for third HomeWork:53 - Login successfully!!!!!
2021-06-156 10:06:53 INFO  Output for third HomeWork:68 - customer name
2021-06-156 10:06:53 INFO  Output for third HomeWork:70 - discription  given Successfully
2021-06-156 10:06:54 INFO  Output for third HomeWork:72 - User Created Successfully
2021-06-156 10:07:00 INFO  Output for third HomeWork:91 - Customer Deleted Successfully
2021-06-156 10:07:02 INFO  Output for third HomeWork:104 - Logot successfully
2021-06-156 10:07:07 INFO  Output for third HomeWork:118 - close application successfully
2021-06-156 10:15:49 INFO  Output for fourth HomeWork:20 - Browser Opened SuccessFully
2021-06-156 10:15:52 INFO  Output for fourth HomeWork:33 - Navigated SuccessFully
2021-06-156 10:15:52 INFO  Output for fourth HomeWork:45 - Username Entered SuccessFully
2021-06-156 10:15:52 INFO  Output for fourth HomeWork:47 - Password Entered SuccessFully
2021-06-156 10:15:58 INFO  Output for fourth HomeWork:51 - Login SuccessFully
2021-06-156 10:15:58 INFO  Output for fourth HomeWork:53 - PopUpWindow closed SuccessFully
2021-06-156 10:16:00 INFO  Output for fourth HomeWork:67 - Customer name entered SuccessFully
2021-06-156 10:16:01 INFO  Output for fourth HomeWork:69 - Discription entered SuccessFully
2021-06-156 10:16:02 INFO  Output for fourth HomeWork:72 - Customer Created SuccessFully
2021-06-156 10:16:07 INFO  Output for fourth HomeWork:90 - Customer Modified SuccessFully
2021-06-156 10:16:10 INFO  Output for fourth HomeWork:106 - Customer deleted SuccessFully
2021-06-156 10:16:15 INFO  Output for fourth HomeWork:118 - Customer logot SuccessFully
2021-06-156 10:16:17 INFO  Output for fourth HomeWork:130 - Application Closed SuccessFully
2021-06-156 10:20:02 INFO  Output for fourth HomeWork:17 - The Execution of fourth HomeWork Starts Here!!!!!
2021-06-156 10:20:10 INFO  Output for fourth HomeWork:21 - Browser Opened SuccessFully
2021-06-156 10:20:13 INFO  Output for fourth HomeWork:34 - Navigated SuccessFully
2021-06-156 10:20:57 INFO  Output for fifth HomeWork:17 - The Execution of fifth HomeWork Starts Here!!!!!
2021-06-156 10:21:07 INFO  Output for fifth HomeWork:21 - Browser Opened SuccessFully
2021-06-156 10:21:10 INFO  Output for fifth HomeWork:34 - Navigated SuccessFully
2021-06-156 10:21:57 INFO  Output for fifth HomeWork:18 - The Execution of fifth HomeWork Starts Here!!!!!
2021-06-156 10:22:07 INFO  Output for fifth HomeWork:22 - Browser Opened SuccessFully
2021-06-156 10:22:10 INFO  Output for fifth HomeWork:35 - Navigated SuccessFully
2021-06-156 10:22:10 INFO  Output for fifth HomeWork:47 - Username Entered SuccessFully
2021-06-156 10:22:10 INFO  Output for fifth HomeWork:49 - Password Entered SuccessFully
2021-06-156 10:22:16 INFO  Output for fifth HomeWork:53 - Login SuccessFully
2021-06-156 10:22:16 INFO  Output for fifth HomeWork:55 - PopUpWindow closed SuccessFully
2021-06-156 10:22:19 INFO  Output for fifth HomeWork:69 - Customer name entered SuccessFully
2021-06-156 10:22:19 INFO  Output for fifth HomeWork:71 - Discription entered SuccessFully
2021-06-156 10:22:20 INFO  Output for fifth HomeWork:74 - Customer Created SuccessFully
2021-06-156 10:22:50 INFO  Output for fifth HomeWork:18 - The Execution of fifth HomeWork Starts Here!!!!!
2021-06-156 10:23:00 INFO  Output for fifth HomeWork:22 - Browser Opened SuccessFully
2021-06-156 10:23:02 INFO  Output for fifth HomeWork:35 - Navigated SuccessFully
2021-06-156 10:23:02 INFO  Output for fifth HomeWork:47 - Username Entered SuccessFully
2021-06-156 10:23:03 INFO  Output for fifth HomeWork:49 - Password Entered SuccessFully
2021-06-156 10:23:08 INFO  Output for fifth HomeWork:53 - Login SuccessFully
2021-06-156 10:23:08 INFO  Output for fifth HomeWork:55 - PopUpWindow closed SuccessFully
2021-06-156 10:23:11 INFO  Output for fifth HomeWork:69 - Customer name entered SuccessFully
2021-06-156 10:23:11 INFO  Output for fifth HomeWork:71 - Discription entered SuccessFully
2021-06-156 10:23:12 INFO  Output for fifth HomeWork:74 - Customer Created SuccessFully
2021-06-156 10:23:57 INFO  Output for fifth HomeWork:18 - The Execution of fifth HomeWork Starts Here!!!!!
2021-06-156 10:24:06 INFO  Output for fifth HomeWork:22 - Browser Opened SuccessFully
2021-06-156 10:24:09 INFO  Output for fifth HomeWork:35 - Navigated SuccessFully
2021-06-156 10:24:09 INFO  Output for fifth HomeWork:47 - Username Entered SuccessFully
2021-06-156 10:24:09 INFO  Output for fifth HomeWork:49 - Password Entered SuccessFully
2021-06-156 10:24:15 INFO  Output for fifth HomeWork:53 - Login SuccessFully
2021-06-156 10:24:15 INFO  Output for fifth HomeWork:55 - PopUpWindow closed SuccessFully
2021-06-156 10:24:18 INFO  Output for fifth HomeWork:69 - Customer name entered SuccessFully
2021-06-156 10:24:18 INFO  Output for fifth HomeWork:71 - Discription entered SuccessFully
2021-06-156 10:24:19 INFO  Output for fifth HomeWork:74 - Customer Created SuccessFully
2021-06-156 10:27:24 INFO  Output for fifth HomeWork:18 - The Execution of fifth HomeWork Starts Here!!!!!
2021-06-156 10:27:34 INFO  Output for fifth HomeWork:22 - Browser Opened SuccessFully
2021-06-156 10:27:36 INFO  Output for fifth HomeWork:35 - Navigated SuccessFully
2021-06-156 10:27:37 INFO  Output for fifth HomeWork:47 - Username Entered SuccessFully
2021-06-156 10:27:37 INFO  Output for fifth HomeWork:49 - Password Entered SuccessFully
2021-06-156 10:27:42 INFO  Output for fifth HomeWork:53 - Login SuccessFully
2021-06-156 10:27:43 INFO  Output for fifth HomeWork:55 - PopUpWindow closed SuccessFully
2021-06-156 10:27:45 INFO  Output for fifth HomeWork:69 - Customer name entered SuccessFully
2021-06-156 10:27:45 INFO  Output for fifth HomeWork:71 - Discription entered SuccessFully
2021-06-156 10:27:46 INFO  Output for fifth HomeWork:74 - Customer Created SuccessFully
2021-06-156 10:27:48 INFO  Output for fifth HomeWork:88 - Project name SuccessFully
2021-06-156 10:27:49 INFO  Output for fifth HomeWork:90 - Project created SuccessFully
2021-06-156 10:27:58 INFO  Output for fifth HomeWork:125 - Customer deleted SuccessFully
2021-06-156 10:28:02 INFO  Output for fifth HomeWork:149 - Application Closed SuccessFully
2021-06-156 10:29:24 INFO  Output for fifth HomeWork:18 - The Execution of fifth HomeWork Starts Here!!!!!
2021-06-156 10:29:34 INFO  Output for fifth HomeWork:22 - Browser Opened SuccessFully
2021-06-156 10:29:37 INFO  Output for fifth HomeWork:35 - Navigated SuccessFully
2021-06-156 10:29:37 INFO  Output for fifth HomeWork:47 - Username Entered SuccessFully
2021-06-156 10:29:37 INFO  Output for fifth HomeWork:49 - Password Entered SuccessFully
2021-06-156 10:29:43 INFO  Output for fifth HomeWork:53 - Login SuccessFully
2021-06-156 10:29:43 INFO  Output for fifth HomeWork:55 - PopUpWindow closed SuccessFully
2021-06-156 10:29:46 INFO  Output for fifth HomeWork:69 - Customer name entered SuccessFully
2021-06-156 10:29:46 INFO  Output for fifth HomeWork:71 - Discription entered SuccessFully
2021-06-156 10:29:47 INFO  Output for fifth HomeWork:74 - Customer Created SuccessFully
2021-06-156 10:29:49 INFO  Output for fifth HomeWork:88 - Project name SuccessFully
2021-06-156 10:29:49 INFO  Output for fifth HomeWork:90 - Project created SuccessFully
2021-06-156 10:29:59 INFO  Output for fifth HomeWork:125 - Customer deleted SuccessFully
2021-06-156 10:30:02 INFO  Output for fifth HomeWork:149 - Application Closed SuccessFully
2021-06-156 10:32:04 INFO  Output for fifth HomeWork:18 - The Execution of fifth HomeWork Starts Here!!!!!
2021-06-156 10:32:13 INFO  Output for fifth HomeWork:22 - Browser Opened SuccessFully
2021-06-156 10:32:16 INFO  Output for fifth HomeWork:35 - Navigated SuccessFully
2021-06-156 10:32:16 INFO  Output for fifth HomeWork:47 - Username Entered SuccessFully
2021-06-156 10:32:16 INFO  Output for fifth HomeWork:49 - Password Entered SuccessFully
2021-06-156 10:32:22 INFO  Output for fifth HomeWork:53 - Login SuccessFully
2021-06-156 10:32:22 INFO  Output for fifth HomeWork:55 - PopUpWindow closed SuccessFully
2021-06-156 10:32:24 INFO  Output for fifth HomeWork:69 - Customer name entered SuccessFully
2021-06-156 10:32:24 INFO  Output for fifth HomeWork:71 - Discription entered SuccessFully
2021-06-156 10:32:26 INFO  Output for fifth HomeWork:74 - Customer Created SuccessFully
2021-06-156 10:32:28 INFO  Output for fifth HomeWork:88 - Project name SuccessFully
2021-06-156 10:32:28 INFO  Output for fifth HomeWork:90 - Project created SuccessFully
2021-06-156 10:32:38 INFO  Output for fifth HomeWork:127 - Customer deleted SuccessFully
2021-06-156 10:32:41 INFO  Output for fifth HomeWork:139 - Customer logot SuccessFully
2021-06-156 10:32:44 INFO  Output for fifth HomeWork:151 - Application Closed SuccessFully
2021-06-156 10:34:29 INFO  Output for fifth HomeWork:18 - The Execution of fifth HomeWork Starts Here!!!!!
2021-06-156 10:34:38 INFO  Output for fifth HomeWork:22 - Browser Opened SuccessFully
2021-06-156 10:34:41 INFO  Output for fifth HomeWork:35 - Navigated SuccessFully
2021-06-156 10:34:41 INFO  Output for fifth HomeWork:47 - Username Entered SuccessFully
2021-06-156 10:34:41 INFO  Output for fifth HomeWork:49 - Password Entered SuccessFully
2021-06-156 10:34:47 INFO  Output for fifth HomeWork:53 - Login SuccessFully
2021-06-156 10:34:47 INFO  Output for fifth HomeWork:55 - PopUpWindow closed SuccessFully
2021-06-156 10:34:50 INFO  Output for fifth HomeWork:69 - Customer name entered SuccessFully
2021-06-156 10:34:50 INFO  Output for fifth HomeWork:71 - Discription entered SuccessFully
2021-06-156 10:34:51 INFO  Output for fifth HomeWork:74 - Customer Created SuccessFully
2021-06-156 10:34:53 INFO  Output for fifth HomeWork:88 - Project name SuccessFully
2021-06-156 10:34:54 INFO  Output for fifth HomeWork:90 - Project created SuccessFully
2021-06-156 10:35:04 INFO  Output for fifth HomeWork:127 - Customer deleted SuccessFully
2021-06-156 10:35:08 INFO  Output for fifth HomeWork:139 - Customer logot SuccessFully
2021-06-156 10:35:10 INFO  Output for fifth HomeWork:151 - Application Closed SuccessFully

2021-06-156 10:38:18 INFO  Output for fifth HomeWork:18 - The Execution of fifth HomeWork Starts Here!!!!!
2021-06-156 10:38:27 INFO  Output for fifth HomeWork:22 - Browser Opened SuccessFully
2021-06-156 10:38:30 INFO  Output for fifth HomeWork:35 - Navigated SuccessFully
2021-06-156 10:38:30 INFO  Output for fifth HomeWork:47 - Username Entered SuccessFully
2021-06-156 10:38:30 INFO  Output for fifth HomeWork:49 - Password Entered SuccessFully
2021-06-156 10:38:35 INFO  Output for fifth HomeWork:53 - Login SuccessFully
2021-06-156 10:38:36 INFO  Output for fifth HomeWork:55 - PopUpWindow closed SuccessFully
2021-06-156 10:38:38 INFO  Output for fifth HomeWork:69 - Customer name entered SuccessFully
2021-06-156 10:38:38 INFO  Output for fifth HomeWork:71 - Discription entered SuccessFully
2021-06-156 10:38:40 INFO  Output for fifth HomeWork:74 - Customer Created SuccessFully
2021-06-156 10:38:42 INFO  Output for fifth HomeWork:88 - Project name SuccessFully
2021-06-156 10:38:42 INFO  Output for fifth HomeWork:90 - Project created SuccessFully
2021-06-156 10:38:51 INFO  Output for fifth HomeWork:110 - Project deleted button clicked SuccessFully
2021-06-156 10:38:53 INFO  Output for fifth HomeWork:128 - Customer deleted SuccessFully
2021-06-156 10:38:56 INFO  Output for fifth HomeWork:140 - Customer logot SuccessFully
2021-06-156 10:38:59 INFO  Output for fifth HomeWork:152 - Application Closed SuccessFully
2021-06-156 10:42:12 INFO  Output for fifth HomeWork:18 - The Execution of fifth HomeWork Starts Here!!!!!
2021-06-156 10:42:20 INFO  Output for fifth HomeWork:22 - Browser Opened SuccessFully
2021-06-156 10:42:23 INFO  Output for fifth HomeWork:35 - Navigated SuccessFully
2021-06-156 10:42:23 INFO  Output for fifth HomeWork:47 - Username Entered SuccessFully
2021-06-156 10:42:23 INFO  Output for fifth HomeWork:49 - Password Entered SuccessFully
2021-06-156 10:42:29 INFO  Output for fifth HomeWork:53 - Login SuccessFully
2021-06-156 10:42:29 INFO  Output for fifth HomeWork:55 - PopUpWindow closed SuccessFully
2021-06-156 10:42:32 INFO  Output for fifth HomeWork:69 - Customer name entered SuccessFully
2021-06-156 10:42:32 INFO  Output for fifth HomeWork:71 - Discription entered SuccessFully
2021-06-156 10:42:33 INFO  Output for fifth HomeWork:74 - Customer Created SuccessFully
2021-06-156 10:42:35 INFO  Output for fifth HomeWork:88 - Project name SuccessFully
2021-06-156 10:42:35 INFO  Output for fifth HomeWork:90 - Project created SuccessFully
2021-06-156 10:42:44 INFO  Output for fifth HomeWork:110 - Project deleted SuccessFully
2021-06-156 10:42:46 INFO  Output for fifth HomeWork:128 - Customer deleted SuccessFully
2021-06-156 10:42:50 INFO  Output for fifth HomeWork:140 - Customer logot SuccessFully
2021-06-156 10:42:52 INFO  Output for fifth HomeWork:152 - Application Closed SuccessFully
2021-06-156 10:45:46 INFO  Output for fifth HomeWork:18 - The Execution of fifth HomeWork Starts Here!!!!!
2021-06-156 10:45:54 INFO  Output for fifth HomeWork:22 - Browser Opened SuccessFully
2021-06-156 10:45:57 INFO  Output for fifth HomeWork:35 - Navigated SuccessFully
2021-06-156 10:45:57 INFO  Output for fifth HomeWork:47 - Username Entered SuccessFully
2021-06-156 10:45:57 INFO  Output for fifth HomeWork:49 - Password Entered SuccessFully
2021-06-156 10:46:02 INFO  Output for fifth HomeWork:53 - Login SuccessFully
2021-06-156 10:46:03 INFO  Output for fifth HomeWork:55 - PopUpWindow closed SuccessFully
2021-06-156 10:46:05 INFO  Output for fifth HomeWork:69 - Customer name entered SuccessFully
2021-06-156 10:46:05 INFO  Output for fifth HomeWork:71 - Discription entered SuccessFully
2021-06-156 10:46:07 INFO  Output for fifth HomeWork:74 - Customer Created SuccessFully
2021-06-156 10:46:09 INFO  Output for fifth HomeWork:88 - Project name SuccessFully
2021-06-156 10:46:09 INFO  Output for fifth HomeWork:90 - Project created SuccessFully
2021-06-156 10:47:06 INFO  Output for fifth HomeWork:18 - The Execution of fifth HomeWork Starts Here!!!!!
2021-06-156 10:47:15 INFO  Output for fifth HomeWork:22 - Browser Opened SuccessFully
2021-06-156 10:47:18 INFO  Output for fifth HomeWork:35 - Navigated SuccessFully
2021-06-156 10:47:21 INFO  Output for fifth HomeWork:47 - Username Entered SuccessFully
2021-06-156 10:47:21 INFO  Output for fifth HomeWork:49 - Password Entered SuccessFully
2021-06-156 10:47:27 INFO  Output for fifth HomeWork:53 - Login SuccessFully
2021-06-156 10:47:27 INFO  Output for fifth HomeWork:55 - PopUpWindow closed SuccessFully
2021-06-156 10:47:30 INFO  Output for fifth HomeWork:69 - Customer name entered SuccessFully
2021-06-156 10:47:30 INFO  Output for fifth HomeWork:71 - Discription entered SuccessFully
2021-06-156 10:47:31 INFO  Output for fifth HomeWork:74 - Customer Created SuccessFully
2021-06-156 10:47:55 INFO  Output for fifth HomeWork:18 - The Execution of fifth HomeWork Starts Here!!!!!
2021-06-156 10:48:05 INFO  Output for fifth HomeWork:22 - Browser Opened SuccessFully
2021-06-156 10:48:08 INFO  Output for fifth HomeWork:35 - Navigated SuccessFully
2021-06-156 10:48:08 INFO  Output for fifth HomeWork:47 - Username Entered SuccessFully
2021-06-156 10:48:08 INFO  Output for fifth HomeWork:49 - Password Entered SuccessFully
2021-06-156 10:48:13 INFO  Output for fifth HomeWork:53 - Login SuccessFully
2021-06-156 10:48:14 INFO  Output for fifth HomeWork:55 - PopUpWindow closed SuccessFully
2021-06-156 10:48:16 INFO  Output for fifth HomeWork:69 - Customer name entered SuccessFully
2021-06-156 10:48:16 INFO  Output for fifth HomeWork:71 - Discription entered SuccessFully
2021-06-156 10:48:18 INFO  Output for fifth HomeWork:74 - Customer Created SuccessFully
2021-06-156 10:48:20 INFO  Output for fifth HomeWork:88 - Project name SuccessFully
2021-06-156 10:48:20 INFO  Output for fifth HomeWork:90 - Project created SuccessFully
2021-06-156 10:48:52 INFO  Output for fifth HomeWork:18 - The Execution of fifth HomeWork Starts Here!!!!!
2021-06-156 10:49:06 INFO  Output for fifth HomeWork:22 - Browser Opened SuccessFully
2021-06-156 10:49:08 INFO  Output for fifth HomeWork:35 - Navigated SuccessFully
2021-06-156 10:49:08 INFO  Output for fifth HomeWork:47 - Username Entered SuccessFully
2021-06-156 10:49:08 INFO  Output for fifth HomeWork:49 - Password Entered SuccessFully
2021-06-156 10:49:14 INFO  Output for fifth HomeWork:53 - Login SuccessFully
2021-06-156 10:49:14 INFO  Output for fifth HomeWork:55 - PopUpWindow closed SuccessFully
2021-06-156 10:49:17 INFO  Output for fifth HomeWork:69 - Customer name entered SuccessFully
2021-06-156 10:49:17 INFO  Output for fifth HomeWork:71 - Discription entered SuccessFully
2021-06-156 10:49:18 INFO  Output for fifth HomeWork:74 - Customer Created SuccessFully
2021-06-156 10:49:46 INFO  Output for fifth HomeWork:18 - The Execution of fifth HomeWork Starts Here!!!!!
2021-06-156 10:49:56 INFO  Output for fifth HomeWork:22 - Browser Opened SuccessFully
2021-06-156 10:50:00 INFO  Output for fifth HomeWork:35 - Navigated SuccessFully
2021-06-156 10:50:02 INFO  Output for fifth HomeWork:47 - Username Entered SuccessFully
2021-06-156 10:50:02 INFO  Output for fifth HomeWork:49 - Password Entered SuccessFully
2021-06-156 10:50:11 INFO  Output for fifth HomeWork:53 - Login SuccessFully
2021-06-156 10:50:11 INFO  Output for fifth HomeWork:55 - PopUpWindow closed SuccessFully
2021-06-156 10:50:14 INFO  Output for fifth HomeWork:69 - Customer name entered SuccessFully
2021-06-156 10:50:14 INFO  Output for fifth HomeWork:71 - Discription entered SuccessFully
2021-06-156 10:50:15 INFO  Output for fifth HomeWork:74 - Customer Created SuccessFully
2021-06-156 10:50:17 INFO  Output for fifth HomeWork:88 - Project name SuccessFully
2021-06-156 10:50:17 INFO  Output for fifth HomeWork:90 - Project created SuccessFully
2021-06-156 10:51:37 INFO  Output for fifth HomeWork:18 - The Execution of fifth HomeWork Starts Here!!!!!
2021-06-156 10:51:49 INFO  Output for fifth HomeWork:22 - Browser Opened SuccessFully
2021-06-156 10:51:53 INFO  Output for fifth HomeWork:35 - Navigated SuccessFully
2021-06-156 10:51:53 INFO  Output for fifth HomeWork:47 - Username Entered SuccessFully
2021-06-156 10:51:53 INFO  Output for fifth HomeWork:49 - Password Entered SuccessFully
2021-06-156 10:51:59 INFO  Output for fifth HomeWork:53 - Login SuccessFully
2021-06-156 10:51:59 INFO  Output for fifth HomeWork:55 - PopUpWindow closed SuccessFully
2021-06-156 10:52:02 INFO  Output for fifth HomeWork:69 - Customer name entered SuccessFully
2021-06-156 10:52:02 INFO  Output for fifth HomeWork:71 - Discription entered SuccessFully
2021-06-156 10:52:03 INFO  Output for fifth HomeWork:74 - Customer Created SuccessFully
2021-06-156 10:54:38 INFO  Output for fifth HomeWork:18 - The Execution of fifth HomeWork Starts Here!!!!!
2021-06-156 10:54:48 INFO  Output for fifth HomeWork:22 - Browser Opened SuccessFully
2021-06-156 10:54:50 INFO  Output for fifth HomeWork:35 - Navigated SuccessFully
2021-06-156 10:54:50 INFO  Output for fifth HomeWork:47 - Username Entered SuccessFully
2021-06-156 10:54:51 INFO  Output for fifth HomeWork:49 - Password Entered SuccessFully
2021-06-156 10:54:56 INFO  Output for fifth HomeWork:53 - Login SuccessFully
2021-06-156 10:54:57 INFO  Output for fifth HomeWork:55 - PopUpWindow closed SuccessFully
2021-06-156 10:54:59 INFO  Output for fifth HomeWork:69 - Customer name entered SuccessFully
2021-06-156 10:54:59 INFO  Output for fifth HomeWork:71 - Discription entered SuccessFully
2021-06-156 10:55:01 INFO  Output for fifth HomeWork:74 - Customer Created SuccessFully
2021-06-156 10:55:05 INFO  Output for fifth HomeWork:169 - Customer logot SuccessFully
2021-06-156 10:55:10 INFO  Output for fifth HomeWork:181 - Application Closed SuccessFully
2021-06-156 10:55:23 INFO  Output for fifth HomeWork:18 - The Execution of fifth HomeWork Starts Here!!!!!
2021-06-156 10:55:33 INFO  Output for fifth HomeWork:22 - Browser Opened SuccessFully
2021-06-156 10:55:36 INFO  Output for fifth HomeWork:35 - Navigated SuccessFully
2021-06-156 10:55:36 INFO  Output for fifth HomeWork:47 - Username Entered SuccessFully
2021-06-156 10:55:36 INFO  Output for fifth HomeWork:49 - Password Entered SuccessFully
2021-06-156 10:55:41 INFO  Output for fifth HomeWork:53 - Login SuccessFully
2021-06-156 10:55:42 INFO  Output for fifth HomeWork:55 - PopUpWindow closed SuccessFully
2021-06-156 10:55:44 INFO  Output for fifth HomeWork:69 - Customer name entered SuccessFully
2021-06-156 10:55:44 INFO  Output for fifth HomeWork:71 - Discription entered SuccessFully
2021-06-156 10:55:46 INFO  Output for fifth HomeWork:74 - Customer Created SuccessFully
2021-06-156 10:55:55 INFO  Output for fifth HomeWork:96 - project Created SuccessFully
2021-06-156 10:56:01 INFO  Output for fifth HomeWork:118 - Project modified SuccessFully
2021-06-156 10:56:03 INFO  Output for fifth HomeWork:157 - Customer deleted SuccessFully
2021-06-156 10:56:07 INFO  Output for fifth HomeWork:169 - Customer logot SuccessFully
2021-06-156 10:56:10 INFO  Output for fifth HomeWork:181 - Application Closed SuccessFully
2021-06-156 10:57:20 INFO  Output for fifth HomeWork:18 - The Execution of fifth HomeWork Starts Here!!!!!
2021-06-156 10:57:29 INFO  Output for fifth HomeWork:22 - Browser Opened SuccessFully
2021-06-156 10:57:32 INFO  Output for fifth HomeWork:35 - Navigated SuccessFully
2021-06-156 10:57:32 INFO  Output for fifth HomeWork:47 - Username Entered SuccessFully
2021-06-156 10:57:32 INFO  Output for fifth HomeWork:49 - Password Entered SuccessFully
2021-06-156 10:57:38 INFO  Output for fifth HomeWork:53 - Login SuccessFully
2021-06-156 10:57:38 INFO  Output for fifth HomeWork:55 - PopUpWindow closed SuccessFully
2021-06-156 10:57:40 INFO  Output for fifth HomeWork:69 - Customer name entered SuccessFully
2021-06-156 10:57:41 INFO  Output for fifth HomeWork:71 - Discription entered SuccessFully
2021-06-156 10:57:42 INFO  Output for fifth HomeWork:74 - Customer Created SuccessFully
2021-06-156 10:57:51 INFO  Output for fifth HomeWork:96 - project Created SuccessFully
2021-06-156 10:57:57 INFO  Output for fifth HomeWork:118 - Project modified SuccessFully
2021-06-156 10:58:00 INFO  Output for fifth HomeWork:160 - Customer deleted SuccessFully
2021-06-156 10:58:03 INFO  Output for fifth HomeWork:172 - Customer logot SuccessFully
2021-06-156 10:58:05 INFO  Output for fifth HomeWork:184 - Application Closed SuccessFully
2021-06-156 10:58:27 INFO  Output for fifth HomeWork:18 - The Execution of fifth HomeWork Starts Here!!!!!
2021-06-156 10:58:37 INFO  Output for fifth HomeWork:22 - Browser Opened SuccessFully
2021-06-156 10:58:40 INFO  Output for fifth HomeWork:35 - Navigated SuccessFully
2021-06-156 10:58:40 INFO  Output for fifth HomeWork:47 - Username Entered SuccessFully
2021-06-156 10:58:40 INFO  Output for fifth HomeWork:49 - Password Entered SuccessFully
2021-06-156 10:58:46 INFO  Output for fifth HomeWork:53 - Login SuccessFully
2021-06-156 10:58:46 INFO  Output for fifth HomeWork:55 - PopUpWindow closed SuccessFully
2021-06-156 10:58:48 INFO  Output for fifth HomeWork:69 - Customer name entered SuccessFully
2021-06-156 10:58:48 INFO  Output for fifth HomeWork:71 - Discription entered SuccessFully
2021-06-156 10:58:50 INFO  Output for fifth HomeWork:74 - Customer Created SuccessFully
2021-06-156 10:58:59 INFO  Output for fifth HomeWork:96 - project Created SuccessFully
2021-06-156 10:59:05 INFO  Output for fifth HomeWork:118 - Project modified SuccessFully
2021-06-156 10:59:13 INFO  Output for fifth HomeWork:140 - Project deleted SuccessFully
2021-06-156 10:59:15 INFO  Output for fifth HomeWork:158 - Customer deleted SuccessFully
2021-06-156 10:59:19 INFO  Output for fifth HomeWork:170 - Customer logot SuccessFully
2021-06-156 10:59:21 INFO  Output for fifth HomeWork:182 - Application Closed SuccessFully
2021-06-156 11:20:53 INFO  Output for seventh HomeWork:18 - The Execution of seventh     HomeWork Starts Here!!!!!
2021-06-156 11:21:04 INFO  Output for seventh HomeWork:22 - Browser Opened SuccessFully
2021-06-156 11:21:07 INFO  Output for seventh HomeWork:35 - Navigated SuccessFully
2021-06-156 11:21:07 INFO  Output for seventh HomeWork:47 - Username Entered SuccessFully
2021-06-156 11:21:07 INFO  Output for seventh HomeWork:49 - Password Entered SuccessFully
2021-06-156 11:21:13 INFO  Output for seventh HomeWork:53 - Login SuccessFully
2021-06-156 11:21:13 INFO  Output for seventh HomeWork:55 - PopUpWindow closed SuccessFully
2021-06-156 11:21:16 INFO  Output for seventh HomeWork:69 - Customer name entered SuccessFully
2021-06-156 11:21:16 INFO  Output for seventh HomeWork:71 - Discription entered SuccessFully
2021-06-156 11:21:17 INFO  Output for seventh HomeWork:74 - Customer Created SuccessFully
2021-06-156 11:21:26 INFO  Output for seventh HomeWork:96 - project Created SuccessFully
2021-06-156 11:22:19 INFO  Output for seventh HomeWork:18 - The Execution of seventh     HomeWork Starts Here!!!!!
2021-06-156 11:22:29 INFO  Output for seventh HomeWork:22 - Browser Opened SuccessFully
2021-06-156 11:22:32 INFO  Output for seventh HomeWork:35 - Navigated SuccessFully
2021-06-156 11:22:32 INFO  Output for seventh HomeWork:47 - Username Entered SuccessFully
2021-06-156 11:22:32 INFO  Output for seventh HomeWork:49 - Password Entered SuccessFully
2021-06-156 11:22:38 INFO  Output for seventh HomeWork:53 - Login SuccessFully
2021-06-156 11:22:38 INFO  Output for seventh HomeWork:55 - PopUpWindow closed SuccessFully
2021-06-156 11:22:40 INFO  Output for seventh HomeWork:69 - Customer name entered SuccessFully
2021-06-156 11:22:41 INFO  Output for seventh HomeWork:71 - Discription entered SuccessFully
2021-06-156 11:22:42 INFO  Output for seventh HomeWork:74 - Customer Created SuccessFully
2021-06-156 11:22:51 INFO  Output for seventh HomeWork:96 - project Created SuccessFully
2021-06-156 11:25:28 INFO  Output for seventh HomeWork:18 - The Execution of seventh     HomeWork Starts Here!!!!!
2021-06-156 11:25:37 INFO  Output for seventh HomeWork:22 - Browser Opened SuccessFully
2021-06-156 11:25:40 INFO  Output for seventh HomeWork:35 - Navigated SuccessFully
2021-06-156 11:25:40 INFO  Output for seventh HomeWork:47 - Username Entered SuccessFully
2021-06-156 11:25:40 INFO  Output for seventh HomeWork:49 - Password Entered SuccessFully
2021-06-156 11:25:45 INFO  Output for seventh HomeWork:53 - Login SuccessFully
2021-06-156 11:25:46 INFO  Output for seventh HomeWork:55 - PopUpWindow closed SuccessFully
2021-06-156 11:25:48 INFO  Output for seventh HomeWork:69 - Customer name entered SuccessFully
2021-06-156 11:25:48 INFO  Output for seventh HomeWork:71 - Discription entered SuccessFully
2021-06-156 11:25:50 INFO  Output for seventh HomeWork:74 - Customer Created SuccessFully
2021-06-156 11:25:59 INFO  Output for seventh HomeWork:96 - project Created SuccessFully
2021-06-156 11:26:04 INFO  Output for seventh HomeWork:116 - Task Created SuccessFully
2021-06-156 11:26:13 INFO  Output for seventh HomeWork:137 - Task Deleted SuccessFully
2021-06-156 11:26:22 INFO  Output for seventh HomeWork:176 - Customer deleted SuccessFully
2021-06-156 11:26:25 INFO  Output for seventh HomeWork:188 - Customer logot SuccessFully
2021-06-156 11:26:28 INFO  Output for seventh HomeWork:200 - Application Closed SuccessFully
2021-06-156 11:26:57 INFO  Output for seventh HomeWork:18 - The Execution of seventh     HomeWork Starts Here!!!!!
2021-06-156 11:27:06 INFO  Output for seventh HomeWork:22 - Browser Opened SuccessFully
2021-06-156 11:27:08 INFO  Output for seventh HomeWork:35 - Navigated SuccessFully
2021-06-156 11:27:09 INFO  Output for seventh HomeWork:47 - Username Entered SuccessFully
2021-06-156 11:27:09 INFO  Output for seventh HomeWork:49 - Password Entered SuccessFully
2021-06-156 11:27:14 INFO  Output for seventh HomeWork:53 - Login SuccessFully
2021-06-156 11:27:15 INFO  Output for seventh HomeWork:55 - PopUpWindow closed SuccessFully
2021-06-156 11:27:17 INFO  Output for seventh HomeWork:69 - Customer name entered SuccessFully
2021-06-156 11:27:17 INFO  Output for seventh HomeWork:71 - Discription entered SuccessFully
2021-06-156 11:27:19 INFO  Output for seventh HomeWork:74 - Customer Created SuccessFully
2021-06-156 11:27:28 INFO  Output for seventh HomeWork:96 - project Created SuccessFully
2021-06-156 11:27:33 INFO  Output for seventh HomeWork:116 - Task Created SuccessFully
2021-06-156 11:27:42 INFO  Output for seventh HomeWork:137 - Task Deleted SuccessFully
2021-06-156 11:27:52 INFO  Output for seventh HomeWork:177 - Customer deleted SuccessFully
2021-06-156 11:27:55 INFO  Output for seventh HomeWork:189 - Customer logot SuccessFully
2021-06-156 11:27:57 INFO  Output for seventh HomeWork:201 - Application Closed SuccessFully
2021-06-156 11:28:20 INFO  Output for seventh HomeWork:18 - The Execution of seventh     HomeWork Starts Here!!!!!
2021-06-156 11:28:30 INFO  Output for seventh HomeWork:22 - Browser Opened SuccessFully
2021-06-156 11:28:32 INFO  Output for seventh HomeWork:35 - Navigated SuccessFully
2021-06-156 11:28:32 INFO  Output for seventh HomeWork:47 - Username Entered SuccessFully
2021-06-156 11:28:32 INFO  Output for seventh HomeWork:49 - Password Entered SuccessFully
2021-06-156 11:28:38 INFO  Output for seventh HomeWork:53 - Login SuccessFully
2021-06-156 11:28:38 INFO  Output for seventh HomeWork:55 - PopUpWindow closed SuccessFully
2021-06-156 11:28:41 INFO  Output for seventh HomeWork:69 - Customer name entered SuccessFully
2021-06-156 11:28:41 INFO  Output for seventh HomeWork:71 - Discription entered SuccessFully
2021-06-156 11:28:42 INFO  Output for seventh HomeWork:74 - Customer Created SuccessFully
2021-06-156 11:28:52 INFO  Output for seventh HomeWork:96 - project Created SuccessFully
2021-06-156 11:28:57 INFO  Output for seventh HomeWork:116 - Task Created SuccessFully
2021-06-156 11:29:06 INFO  Output for seventh HomeWork:137 - Task Deleted SuccessFully
2021-06-156 11:29:16 INFO  Output for seventh HomeWork:177 - Customer deleted SuccessFully
2021-06-156 11:29:18 INFO  Output for seventh HomeWork:189 - Customer logot SuccessFully
2021-06-156 11:29:20 INFO  Output for seventh HomeWork:201 - Application Closed SuccessFully
2021-06-156 11:29:43 INFO  Output for seventh HomeWork:18 - The Execution of seventh     HomeWork Starts Here!!!!!
2021-06-156 11:29:51 INFO  Output for seventh HomeWork:22 - Browser Opened SuccessFully
2021-06-156 11:29:54 INFO  Output for seventh HomeWork:35 - Navigated SuccessFully
2021-06-156 11:29:54 INFO  Output for seventh HomeWork:47 - Username Entered SuccessFully
2021-06-156 11:29:54 INFO  Output for seventh HomeWork:49 - Password Entered SuccessFully
2021-06-156 11:30:00 INFO  Output for seventh HomeWork:53 - Login SuccessFully
2021-06-156 11:30:00 INFO  Output for seventh HomeWork:55 - PopUpWindow closed SuccessFully
2021-06-156 11:30:02 INFO  Output for seventh HomeWork:69 - Customer name entered SuccessFully
2021-06-156 11:30:02 INFO  Output for seventh HomeWork:71 - Discription entered SuccessFully
2021-06-156 11:30:04 INFO  Output for seventh HomeWork:74 - Customer Created SuccessFully
2021-06-156 11:30:13 INFO  Output for seventh HomeWork:96 - project Created SuccessFully
2021-06-156 11:30:18 INFO  Output for seventh HomeWork:116 - Task Created SuccessFully
2021-06-156 11:30:28 INFO  Output for seventh HomeWork:137 - Task Deleted SuccessFully
2021-06-156 11:30:37 INFO  Output for seventh HomeWork:179 - Customer deleted SuccessFully
2021-06-156 11:30:40 INFO  Output for seventh HomeWork:191 - Customer logot SuccessFully
2021-06-156 11:30:42 INFO  Output for seventh HomeWork:203 - Application Closed SuccessFully
2021-06-156 11:31:59 INFO  Output for seventh HomeWork:18 - The Execution of seventh     HomeWork Starts Here!!!!!
2021-06-156 11:32:07 INFO  Output for seventh HomeWork:22 - Browser Opened SuccessFully
2021-06-156 11:32:10 INFO  Output for seventh HomeWork:35 - Navigated SuccessFully
2021-06-156 11:32:10 INFO  Output for seventh HomeWork:47 - Username Entered SuccessFully
2021-06-156 11:32:10 INFO  Output for seventh HomeWork:49 - Password Entered SuccessFully
2021-06-156 11:32:15 INFO  Output for seventh HomeWork:53 - Login SuccessFully
2021-06-156 11:32:16 INFO  Output for seventh HomeWork:55 - PopUpWindow closed SuccessFully
2021-06-156 11:32:18 INFO  Output for seventh HomeWork:69 - Customer name entered SuccessFully
2021-06-156 11:32:18 INFO  Output for seventh HomeWork:71 - Discription entered SuccessFully
2021-06-156 11:32:19 INFO  Output for seventh HomeWork:74 - Customer Created SuccessFully
2021-06-156 11:32:29 INFO  Output for seventh HomeWork:96 - project Created SuccessFully
2021-06-156 11:32:34 INFO  Output for seventh HomeWork:116 - Task Created SuccessFully
2021-06-156 11:32:43 INFO  Output for seventh HomeWork:137 - Task Deleted SuccessFully
2021-06-156 11:32:52 INFO  Output for seventh HomeWork:176 - Customer deleted SuccessFully
2021-06-156 11:32:54 INFO  Output for seventh HomeWork:188 - Customer logot SuccessFully
2021-06-156 11:32:57 INFO  Output for seventh HomeWork:200 - Application Closed SuccessFully
2021-06-156 11:34:49 INFO  Output for seventh HomeWork:18 - The Execution of seventh     HomeWork Starts Here!!!!!
2021-06-156 11:34:57 INFO  Output for seventh HomeWork:22 - Browser Opened SuccessFully
2021-06-156 11:35:00 INFO  Output for seventh HomeWork:35 - Navigated SuccessFully
2021-06-156 11:35:00 INFO  Output for seventh HomeWork:47 - Username Entered SuccessFully
2021-06-156 11:35:00 INFO  Output for seventh HomeWork:49 - Password Entered SuccessFully
2021-06-156 11:35:05 INFO  Output for seventh HomeWork:53 - Login SuccessFully
2021-06-156 11:35:06 INFO  Output for seventh HomeWork:55 - PopUpWindow closed SuccessFully
2021-06-156 11:35:08 INFO  Output for seventh HomeWork:69 - Customer name entered SuccessFully
2021-06-156 11:35:08 INFO  Output for seventh HomeWork:71 - Discription entered SuccessFully
2021-06-156 11:35:10 INFO  Output for seventh HomeWork:74 - Customer Created SuccessFully
2021-06-156 11:35:19 INFO  Output for seventh HomeWork:96 - project Created SuccessFully
2021-06-156 11:35:24 INFO  Output for seventh HomeWork:116 - Task Created SuccessFully
2021-06-156 11:35:33 INFO  Output for seventh HomeWork:137 - Task Deleted SuccessFully
2021-06-156 11:35:45 INFO  Output for seventh HomeWork:177 - Customer deleted SuccessFully
2021-06-156 11:35:48 INFO  Output for seventh HomeWork:189 - Customer logot SuccessFully
2021-06-156 11:35:50 INFO  Output for seventh HomeWork:201 - Application Closed SuccessFully
2021-06-156 11:36:15 INFO  Output for seventh HomeWork:18 - The Execution of seventh     HomeWork Starts Here!!!!!
2021-06-156 11:36:24 INFO  Output for seventh HomeWork:22 - Browser Opened SuccessFully
2021-06-156 11:36:27 INFO  Output for seventh HomeWork:35 - Navigated SuccessFully
2021-06-156 11:36:27 INFO  Output for seventh HomeWork:47 - Username Entered SuccessFully
2021-06-156 11:36:27 INFO  Output for seventh HomeWork:49 - Password Entered SuccessFully
2021-06-156 11:36:32 INFO  Output for seventh HomeWork:53 - Login SuccessFully
2021-06-156 11:36:32 INFO  Output for seventh HomeWork:55 - PopUpWindow closed SuccessFully
2021-06-156 11:36:35 INFO  Output for seventh HomeWork:69 - Customer name entered SuccessFully
2021-06-156 11:36:35 INFO  Output for seventh HomeWork:71 - Discription entered SuccessFully
2021-06-156 11:36:36 INFO  Output for seventh HomeWork:74 - Customer Created SuccessFully
2021-06-156 11:36:45 INFO  Output for seventh HomeWork:96 - project Created SuccessFully
2021-06-156 11:36:50 INFO  Output for seventh HomeWork:116 - Task Created SuccessFully
2021-06-156 11:36:59 INFO  Output for seventh HomeWork:137 - Task Deleted SuccessFully
2021-06-156 11:37:05 INFO  Output for seventh HomeWork:156 - Project deleted SuccessFully
2021-06-156 11:37:12 INFO  Output for seventh HomeWork:176 - Customer deleted SuccessFully
2021-06-156 11:37:14 INFO  Output for seventh HomeWork:188 - Customer logot SuccessFully
2021-06-156 11:37:16 INFO  Output for seventh HomeWork:200 - Application Closed SuccessFully
2021-06-156 11:40:10 INFO  Output for seventh HomeWork:18 - The Execution of seventh     HomeWork Starts Here!!!!!
2021-06-156 11:40:18 INFO  Output for seventh HomeWork:22 - Browser Opened SuccessFully
2021-06-156 11:40:21 INFO  Output for seventh HomeWork:35 - Navigated SuccessFully
2021-06-156 11:40:21 INFO  Output for seventh HomeWork:47 - Username Entered SuccessFully
2021-06-156 11:40:21 INFO  Output for seventh HomeWork:49 - Password Entered SuccessFully
2021-06-156 11:40:26 INFO  Output for seventh HomeWork:53 - Login SuccessFully
2021-06-156 11:40:27 INFO  Output for seventh HomeWork:55 - PopUpWindow closed SuccessFully
2021-06-156 11:40:29 INFO  Output for seventh HomeWork:69 - Customer name entered SuccessFully
2021-06-156 11:40:29 INFO  Output for seventh HomeWork:71 - Discription entered SuccessFully
2021-06-156 11:40:30 INFO  Output for seventh HomeWork:74 - Customer Created SuccessFully
2021-06-156 11:40:39 INFO  Output for seventh HomeWork:96 - project Created SuccessFully
2021-06-156 11:40:44 INFO  Output for seventh HomeWork:116 - Task Created SuccessFully
2021-06-156 11:40:54 INFO  Output for seventh HomeWork:137 - Task Deleted SuccessFully
2021-06-156 11:41:00 INFO  Output for seventh HomeWork:156 - Project deleted SuccessFully
2021-06-156 11:41:06 INFO  Output for seventh HomeWork:178 - Customer deleted SuccessFully
2021-06-156 11:41:08 INFO  Output for seventh HomeWork:190 - Customer logot SuccessFully
2021-06-156 11:41:11 INFO  Output for seventh HomeWork:202 - Application Closed SuccessFully
2021-06-156 11:44:08 INFO  Output for seventh HomeWork:45 - Username Entered SuccessFully
2021-06-156 11:44:08 INFO  Output for seventh HomeWork:47 - Password Entered SuccessFully
2021-06-156 11:44:12 INFO  Output for seventh HomeWork:51 - Login SuccessFully
2021-06-156 11:44:13 INFO  Output for seventh HomeWork:53 - PopUpWindow closed SuccessFully
2021-06-156 11:44:55 INFO  Output for seventh HomeWork:45 - Username Entered SuccessFully
2021-06-156 11:44:55 INFO  Output for seventh HomeWork:47 - Password Entered SuccessFully
2021-06-156 11:44:59 INFO  Output for seventh HomeWork:51 - Login SuccessFully
2021-06-156 11:44:59 INFO  Output for seventh HomeWork:53 - PopUpWindow closed SuccessFully
2021-06-156 11:46:16 INFO  Output for seventh HomeWork:45 - Username Entered SuccessFully
2021-06-156 11:46:16 INFO  Output for seventh HomeWork:47 - Password Entered SuccessFully
2021-06-156 11:46:20 INFO  Output for seventh HomeWork:51 - Login SuccessFully
2021-06-156 11:46:20 INFO  Output for seventh HomeWork:53 - PopUpWindow closed SuccessFully
2021-06-156 11:54:42 INFO  Output for seventh HomeWork:19 - execution of nineth program start here!!!
2021-06-156 11:54:45 INFO  Output for seventh HomeWork:23 - Browser Maximized Successfully!!!
2021-06-156 11:54:49 INFO  Output for seventh HomeWork:36 - Browser navigated Successfully!!!
2021-06-156 11:54:49 INFO  Output for seventh HomeWork:48 - Username Entered SuccessFully
2021-06-156 11:54:49 INFO  Output for seventh HomeWork:50 - Password Entered SuccessFully
2021-06-156 11:54:53 INFO  Output for seventh HomeWork:54 - Login SuccessFully
2021-06-156 11:54:53 INFO  Output for seventh HomeWork:56 - PopUpWindow closed SuccessFully
2021-06-156 11:54:53 INFO  Output for seventh HomeWork:57 - admin login  Successfully!!!
2021-06-156 11:55:06 INFO  Output for seventh HomeWork:80 - User 1 Created Successfully!!!
2021-06-156 11:55:15 INFO  Output for seventh HomeWork:101 - User 2 Created Successfully!!!
2021-06-156 11:55:24 INFO  Output for seventh HomeWork:122 - User 3 Created Successfully!!!
2021-06-156 11:55:27 INFO  Output for seventh HomeWork:135 - Admin logot Successfully!!!
2021-06-156 11:55:32 INFO  Output for seventh HomeWork:153 - User 1 login Successfully!!!
2021-06-156 11:55:34 INFO  Output for seventh HomeWork:166 - User 1 logot Successfully!!!
2021-06-156 11:55:40 INFO  Output for seventh HomeWork:183 - User 2 login Successfully!!!
2021-06-156 11:55:42 INFO  Output for seventh HomeWork:196 - User 2 logout Successfully!!!
2021-06-156 11:55:48 INFO  Output for seventh HomeWork:213 - User 3 login Successfully!!!
2021-06-156 11:55:50 INFO  Output for seventh HomeWork:226 - User 3 logot Successfully!!!
2021-06-156 11:55:52 INFO  Output for seventh HomeWork:241 - Admin Successfully!!!
2021-06-156 11:56:02 INFO  Output for seventh HomeWork:263 - User 1 deleted Successfully!!!
2021-06-156 11:56:12 INFO  Output for seventh HomeWork:285 - User 2 deleted Successfully!!!
2021-06-156 11:56:21 INFO  Output for seventh HomeWork:307 - User 3 deleted Successfully!!!
2021-06-156 11:56:24 INFO  Output for seventh HomeWork:320 - Admin logot Successfully!!!
2021-06-156 11:56:24 INFO  Output for seventh HomeWork:332 - Application Closed Successfully!!!
2021-06-156 12:08:42 INFO  Output for seventh HomeWork:46 - Username Entered SuccessFully
2021-06-156 12:08:42 INFO  Output for seventh HomeWork:48 - Password Entered SuccessFully
2021-06-156 12:08:46 INFO  Output for seventh HomeWork:52 - Login SuccessFully
2021-06-156 12:08:47 INFO  Output for seventh HomeWork:54 - PopUpWindow closed SuccessFully
2021-06-156 12:08:47 INFO  Output for seventh HomeWork:55 - admin login  Successfully!!!
2021-06-156 12:28:00 INFO  Output for seventh HomeWork:20 - Tenth Homework execution starts Here!!!
2021-06-156 12:28:08 INFO  Output for seventh HomeWork:36 - navigated Successfully!!!
2021-06-156 12:28:08 INFO  Output for seventh HomeWork:49 - Username Entered SuccessFully
2021-06-156 12:28:08 INFO  Output for seventh HomeWork:51 - Password Entered SuccessFully
2021-06-156 12:28:12 INFO  Output for seventh HomeWork:55 - Login SuccessFully
2021-06-156 12:28:12 INFO  Output for seventh HomeWork:57 - PopUpWindow closed SuccessFully
2021-06-156 12:28:12 INFO  Output for seventh HomeWork:58 - admin login  Successfully!!!
2021-06-156 12:28:26 INFO  Output for seventh HomeWork:81 - User 1 Created Successfully!!!
2021-06-156 12:28:29 INFO  Output for seventh HomeWork:94 - Admin Logot Successfully!!!
2021-06-156 12:28:34 INFO  Output for seventh HomeWork:112 - User 1 login Successfully!!!
2021-06-156 12:28:46 INFO  Output for seventh HomeWork:135 - User 2 Created Successfully!!!
2021-06-156 12:28:48 INFO  Output for seventh HomeWork:148 - User 1 logout Successfully!!!
2021-06-156 12:28:54 INFO  Output for seventh HomeWork:165 - User 2 login Successfully!!!
2021-06-156 12:29:05 INFO  Output for seventh HomeWork:188 - User 3 Created Successfully!!!
2021-06-156 12:29:08 INFO  Output for seventh HomeWork:201 - User 2 logout Successfully!!!
2021-06-156 12:29:10 INFO  Output for seventh HomeWork:216 - Admin login Successfully!!!
2021-06-156 12:29:23 INFO  Output for seventh HomeWork:244 - User 1 Modified Successfully!!!
2021-06-156 12:29:26 INFO  Output for seventh HomeWork:257 - Admin Logout Successfully!!!
2021-06-156 12:29:41 INFO  Output for seventh HomeWork:303 - User 2 modified Successfully!!!
2021-06-156 12:29:43 INFO  Output for seventh HomeWork:316 - User 1 logout Successfully!!!
2021-06-156 12:29:59 INFO  Output for seventh HomeWork:361 - User 3 Modified Successfully!!!
2021-06-156 12:30:01 INFO  Output for seventh HomeWork:374 - User 2 logout Successfully!!!
2021-06-156 12:30:13 INFO  Output for seventh HomeWork:413 - User 3 deleted Successfully!!!
2021-06-156 12:30:16 INFO  Output for seventh HomeWork:426 - User 2 logout Successfully!!!
2021-06-156 12:30:28 INFO  Output for seventh HomeWork:466 - User 2 logout Successfully!!!
2021-06-156 12:30:31 INFO  Output for seventh HomeWork:479 - User logout Successfully!!!
2021-06-156 12:30:33 INFO  Output for seventh HomeWork:494 - admin login Successfully!!!
2021-06-156 12:30:43 INFO  Output for seventh HomeWork:516 - User 1 Deleted Successfully!!!
2021-06-156 12:30:45 INFO  Output for seventh HomeWork:529 - Admin logout Successfully!!!
2021-06-156 12:30:46 INFO  Output for seventh HomeWork:541 - browser closed Successfully!!!
2021-06-156 12:34:39 INFO  Output for seventh HomeWork:20 - Tenth Homework execution starts Here!!!
2021-06-156 12:34:46 INFO  Output for seventh HomeWork:36 - navigated Successfully!!!
2021-06-156 12:34:46 INFO  Output for seventh HomeWork:49 - Username Entered SuccessFully
2021-06-156 12:34:46 INFO  Output for seventh HomeWork:51 - Password Entered SuccessFully
2021-06-156 12:34:50 INFO  Output for seventh HomeWork:55 - Login SuccessFully
2021-06-156 12:34:51 INFO  Output for seventh HomeWork:57 - PopUpWindow closed SuccessFully
2021-06-156 12:34:51 INFO  Output for seventh HomeWork:58 - admin login  Successfully!!!
2021-06-156 12:35:04 INFO  Output for seventh HomeWork:81 - User 1 Created Successfully!!!
2021-06-156 12:35:07 INFO  Output for seventh HomeWork:94 - Admin Logot Successfully!!!
2021-06-156 12:35:12 INFO  Output for seventh HomeWork:112 - User 1 login Successfully!!!
2021-06-156 12:35:24 INFO  Output for seventh HomeWork:135 - User 2 Created Successfully!!!
2021-06-156 12:35:26 INFO  Output for seventh HomeWork:148 - User 1 logout Successfully!!!
2021-06-156 12:35:32 INFO  Output for seventh HomeWork:165 - User 2 login Successfully!!!
2021-06-156 12:35:43 INFO  Output for seventh HomeWork:188 - User 3 Created Successfully!!!
2021-06-156 12:35:46 INFO  Output for seventh HomeWork:201 - User 2 logout Successfully!!!
2021-06-156 12:35:48 INFO  Output for seventh HomeWork:216 - Admin login Successfully!!!
2021-06-156 12:36:01 INFO  Output for seventh HomeWork:244 - User 1 Modified Successfully!!!
2021-06-156 12:36:03 INFO  Output for seventh HomeWork:257 - Admin Logout Successfully!!!
2021-06-156 12:36:19 INFO  Output for seventh HomeWork:303 - User 2 modified Successfully!!!
2021-06-156 12:36:21 INFO  Output for seventh HomeWork:316 - User 1 logout Successfully!!!
2021-06-156 12:36:37 INFO  Output for seventh HomeWork:361 - User 3 Modified Successfully!!!
2021-06-156 12:36:39 INFO  Output for seventh HomeWork:374 - User 2 logout Successfully!!!
2021-06-156 12:36:51 INFO  Output for seventh HomeWork:413 - User 3 deleted Successfully!!!
2021-06-156 12:36:54 INFO  Output for seventh HomeWork:426 - User 2 logout Successfully!!!
2021-06-156 12:37:06 INFO  Output for seventh HomeWork:466 - User 2 logout Successfully!!!
2021-06-156 12:37:08 INFO  Output for seventh HomeWork:479 - User logout Successfully!!!
2021-06-156 12:37:11 INFO  Output for seventh HomeWork:494 - admin login Successfully!!!
2021-06-156 12:37:21 INFO  Output for seventh HomeWork:516 - User 1 Deleted Successfully!!!
2021-06-156 12:37:23 INFO  Output for seventh HomeWork:529 - Admin logout Successfully!!!
2021-06-156 12:37:23 INFO  Output for seventh HomeWork:541 - browser closed Successfully!!!
2021-06-156 12:41:00 INFO  Output for seventh HomeWork:20 - Tenth Homework execution starts Here!!!
2021-06-156 12:41:07 INFO  Output for seventh HomeWork:36 - navigated Successfully!!!
2021-06-156 12:41:07 INFO  Output for seventh HomeWork:49 - Username Entered SuccessFully
2021-06-156 12:41:07 INFO  Output for seventh HomeWork:51 - Password Entered SuccessFully
2021-06-156 12:41:11 INFO  Output for seventh HomeWork:55 - Login SuccessFully
2021-06-156 12:41:12 INFO  Output for seventh HomeWork:57 - PopUpWindow closed SuccessFully
2021-06-156 12:41:12 INFO  Output for seventh HomeWork:58 - admin login  Successfully!!!
2021-06-156 12:41:24 INFO  Output for seventh HomeWork:81 - User 1 Created Successfully!!!
2021-06-156 12:41:27 INFO  Output for seventh HomeWork:94 - Admin Logot Successfully!!!
2021-06-156 12:41:32 INFO  Output for seventh HomeWork:112 - User 1 login Successfully!!!
2021-06-156 12:41:44 INFO  Output for seventh HomeWork:135 - User 2 Created Successfully!!!
2021-06-156 12:41:46 INFO  Output for seventh HomeWork:148 - User 1 logout Successfully!!!
2021-06-156 12:41:52 INFO  Output for seventh HomeWork:165 - User 2 login Successfully!!!
2021-06-156 12:42:03 INFO  Output for seventh HomeWork:188 - User 3 Created Successfully!!!
2021-06-156 12:42:06 INFO  Output for seventh HomeWork:201 - User 2 logout Successfully!!!
2021-06-156 12:42:08 INFO  Output for seventh HomeWork:216 - Admin login Successfully!!!
2021-06-156 12:42:21 INFO  Output for seventh HomeWork:244 - User 1 Modified Successfully!!!
2021-06-156 12:42:23 INFO  Output for seventh HomeWork:257 - Admin Logout Successfully!!!
2021-06-156 12:42:39 INFO  Output for seventh HomeWork:303 - User 2 modified Successfully!!!
2021-06-156 12:42:41 INFO  Output for seventh HomeWork:316 - Modified user 1 logout Successfully!!!
2021-06-156 12:42:57 INFO  Output for seventh HomeWork:361 - User 3 Modified Successfully!!!
2021-06-156 12:42:59 INFO  Output for seventh HomeWork:374 - Modified user 2 logout Successfully!!!
2021-06-156 12:43:11 INFO  Output for seventh HomeWork:413 - User 3 deleted Successfully!!!
2021-06-156 12:43:14 INFO  Output for seventh HomeWork:426 - logout User 2  Successfully!!!
2021-06-156 12:43:26 INFO  Output for seventh HomeWork:466 - delete user2 Successfully!!!
2021-06-156 12:43:28 INFO  Output for seventh HomeWork:479 - User1 logout Successfully!!!
2021-06-156 12:43:31 INFO  Output for seventh HomeWork:494 - admin again login Successfully!!!
2021-06-156 12:43:41 INFO  Output for seventh HomeWork:516 - User 1 Deleted Successfully!!!
2021-06-156 12:43:43 INFO  Output for seventh HomeWork:529 - Admin again logout Successfully!!!
2021-06-156 12:43:43 INFO  Output for seventh HomeWork:541 - browser closed Successfully!!!
2021-06-156 17:27:58 INFO  Home Work1:18 - The Execution Program Starts Here!!!!!
2021-06-156 17:27:58 INFO  Home Work1:20 - WebBrowser opens Successfully!!!!!
2021-06-156 17:28:03 INFO  Home Work1:23 - Successfully maximized!!!!!!!!!!
2021-06-156 17:28:12 INFO  Home Work1:35 - login page navigated Successfully!!!!!
2021-06-156 17:28:14 INFO  Home Work1:48 - user name entered  Successfully!!!!!
2021-06-156 17:28:16 INFO  Home Work1:51 - Password entered  Successfully!!!!!
2021-06-156 17:28:18 INFO  Home Work1:54 - Login Button entered  Successfully!!!!!
2021-06-156 17:28:22 INFO  Home Work1:56 - popup window closed Successfully!!!!!
2021-06-156 17:28:24 INFO  Home Work1:66 - UserButton Clicked Successfully!!!!!
2021-06-156 17:28:31 INFO  Home Work1:126 - Closed Application Successfully!!!!!
2021-06-156 17:28:31 INFO  Output for second HomeWork:20 - The Execution of second HomeWork Starts Here!!!!!
2021-06-156 17:28:32 INFO  Output for second HomeWork:23 - Browser Lauched successfully
2021-06-156 17:28:35 INFO  Output for second HomeWork:37 - navigated successfully
2021-06-156 17:28:37 INFO  Output for second HomeWork:51 - username entered
2021-06-156 17:28:37 INFO  Output for second HomeWork:53 - Password entered
2021-06-156 17:28:37 INFO  Output for second HomeWork:55 - login button clicked successfull
2021-06-156 17:28:41 INFO  Output for second HomeWork:69 - fly Window Minimized
2021-06-156 17:28:51 INFO  Output for second HomeWork:100 - user created successfull
2021-06-156 17:28:57 INFO  Output for second HomeWork:137 - user modified successfull
2021-06-156 17:29:00 INFO  Output for second HomeWork:160 - user delted successfull
2021-06-156 17:29:01 INFO  Output for second HomeWork:175 - logout successfull
2021-06-156 17:29:02 INFO  Output for second HomeWork:190 - application closed successfull
2021-06-156 17:29:02 INFO  Output for second HomeWork:191 - The Execution of second HomeWork ends Here!!!!!
2021-06-156 17:29:02 INFO  Output for third HomeWork:20 - The Execution of third HomeWork Starts Here!!!!!
2021-06-156 17:29:22 INFO  Output for third HomeWork:37 - navigate Completed!!!!!
2021-06-156 17:29:27 INFO  Output for third HomeWork:53 - Login successfully!!!!!
2021-06-156 17:29:30 INFO  Output for third HomeWork:68 - customer name
2021-06-156 17:29:30 INFO  Output for third HomeWork:70 - discription  given Successfully
2021-06-156 17:29:31 INFO  Output for third HomeWork:72 - User Created Successfully
2021-06-156 17:29:37 INFO  Output for third HomeWork:91 - Customer Deleted Successfully
2021-06-156 17:29:39 INFO  Output for third HomeWork:104 - Logot successfully
2021-06-156 17:29:43 INFO  Output for third HomeWork:118 - close application successfully
2021-06-156 17:29:43 INFO  Output for fourth HomeWork:17 - The Execution of fourth HomeWork Starts Here!!!!!
2021-06-156 17:29:50 INFO  Output for fourth HomeWork:21 - Browser Opened SuccessFully
2021-06-156 17:29:52 INFO  Output for fourth HomeWork:34 - Navigated SuccessFully
2021-06-156 17:29:52 INFO  Output for fourth HomeWork:46 - Username Entered SuccessFully
2021-06-156 17:29:53 INFO  Output for fourth HomeWork:48 - Password Entered SuccessFully
2021-06-156 17:29:58 INFO  Output for fourth HomeWork:52 - Login SuccessFully
2021-06-156 17:29:58 INFO  Output for fourth HomeWork:54 - PopUpWindow closed SuccessFully
2021-06-156 17:30:00 INFO  Output for fourth HomeWork:68 - Customer name entered SuccessFully
2021-06-156 17:30:01 INFO  Output for fourth HomeWork:70 - Discription entered SuccessFully
2021-06-156 17:30:02 INFO  Output for fourth HomeWork:73 - Customer Created SuccessFully
2021-06-156 17:30:07 INFO  Output for fourth HomeWork:91 - Customer Modified SuccessFully
2021-06-156 17:30:10 INFO  Output for fourth HomeWork:107 - Customer deleted SuccessFully
2021-06-156 17:30:14 INFO  Output for fourth HomeWork:119 - Customer logot SuccessFully
2021-06-156 17:30:17 INFO  Output for fourth HomeWork:131 - Application Closed SuccessFully
2021-06-156 17:30:17 INFO  Output for fifth HomeWork:18 - The Execution of fifth HomeWork Starts Here!!!!!
2021-06-156 17:30:24 INFO  Output for fifth HomeWork:22 - Browser Opened SuccessFully
2021-06-156 17:30:27 INFO  Output for fifth HomeWork:35 - Navigated SuccessFully
2021-06-156 17:30:27 INFO  Output for fifth HomeWork:47 - Username Entered SuccessFully
2021-06-156 17:30:27 INFO  Output for fifth HomeWork:49 - Password Entered SuccessFully
2021-06-156 17:30:32 INFO  Output for fifth HomeWork:53 - Login SuccessFully
2021-06-156 17:30:33 INFO  Output for fifth HomeWork:55 - PopUpWindow closed SuccessFully
2021-06-156 17:30:35 INFO  Output for fifth HomeWork:69 - Customer name entered SuccessFully
2021-06-156 17:30:35 INFO  Output for fifth HomeWork:71 - Discription entered SuccessFully
2021-06-156 17:30:36 INFO  Output for fifth HomeWork:74 - Customer Created SuccessFully
2021-06-156 17:30:42 INFO  Output for fifth HomeWork:152 - Application Closed SuccessFully
2021-06-156 17:30:42 INFO  Output for sixth HomeWork:18 - The Execution of sixth     HomeWork Starts Here!!!!!
2021-06-156 17:30:49 INFO  Output for sixth HomeWork:22 - Browser Opened SuccessFully
2021-06-156 17:30:52 INFO  Output for sixth HomeWork:35 - Navigated SuccessFully
2021-06-156 17:30:52 INFO  Output for sixth HomeWork:47 - Username Entered SuccessFully
2021-06-156 17:30:52 INFO  Output for sixth HomeWork:49 - Password Entered SuccessFully
2021-06-156 17:30:58 INFO  Output for sixth HomeWork:53 - Login SuccessFully
2021-06-156 17:30:58 INFO  Output for sixth HomeWork:55 - PopUpWindow closed SuccessFully
2021-06-156 17:31:00 INFO  Output for sixth HomeWork:69 - Customer name entered SuccessFully
2021-06-156 17:31:00 INFO  Output for sixth HomeWork:71 - Discription entered SuccessFully
2021-06-156 17:31:02 INFO  Output for sixth HomeWork:74 - Customer Created SuccessFully
2021-06-156 17:31:07 INFO  Output for sixth HomeWork:182 - Application Closed SuccessFully
2021-06-156 17:31:07 INFO  Output for seventh HomeWork:18 - The Execution of seventh     HomeWork Starts Here!!!!!
2021-06-156 17:31:15 INFO  Output for seventh HomeWork:22 - Browser Opened SuccessFully
2021-06-156 17:32:09 INFO  Home Work1:18 - The Execution Program Starts Here!!!!!
2021-06-156 17:32:09 INFO  Home Work1:20 - WebBrowser opens Successfully!!!!!
2021-06-156 17:32:12 INFO  Home Work1:23 - Successfully maximized!!!!!!!!!!
2021-06-156 17:32:15 INFO  Home Work1:35 - login page navigated Successfully!!!!!
2021-06-156 17:32:17 INFO  Home Work1:48 - user name entered  Successfully!!!!!
2021-06-156 17:32:19 INFO  Home Work1:51 - Password entered  Successfully!!!!!
2021-06-156 17:32:21 INFO  Home Work1:54 - Login Button entered  Successfully!!!!!
2021-06-156 17:32:24 INFO  Home Work1:56 - popup window closed Successfully!!!!!
2021-06-156 17:32:27 INFO  Home Work1:66 - UserButton Clicked Successfully!!!!!
2021-06-156 17:32:27 INFO  Home Work1:69 - firstname entered Successfully!!!!!
2021-06-156 17:32:28 INFO  Home Work1:71 - lastname entered Successfully!!!!!
2021-06-156 17:32:28 INFO  Home Work1:73 - email entered Successfully!!!!!
2021-06-156 17:32:30 INFO  Home Work1:76 - Usernsme entered Successfully!!!!!
2021-06-156 17:32:30 INFO  Home Work1:78 - password entered Successfully!!!!!
2021-06-156 17:32:30 INFO  Home Work1:80 - passwordCopy enterd sucessfully!!!!!
2021-06-156 17:32:31 INFO  Home Work1:83 - UserCreated Successfully!!!!!
2021-06-156 17:32:38 INFO  Home Work1:101 - Delete User Successfully!!!!!
2021-06-156 17:32:42 INFO  Home Work1:113 - Logout Successfully!!!!!
2021-06-156 17:32:42 INFO  Home Work1:126 - Closed Application Successfully!!!!!
2021-06-156 17:32:42 INFO  Output for second HomeWork:20 - The Execution of second HomeWork Starts Here!!!!!
2021-06-156 17:32:44 INFO  Output for second HomeWork:23 - Browser Lauched successfully
2021-06-156 17:32:48 INFO  Output for second HomeWork:37 - navigated successfully
2021-06-156 17:32:50 INFO  Output for second HomeWork:51 - username entered
2021-06-156 17:32:50 INFO  Output for second HomeWork:53 - Password entered
2021-06-156 17:32:50 INFO  Output for second HomeWork:55 - login button clicked successfull
2021-06-156 17:32:54 INFO  Output for second HomeWork:69 - fly Window Minimized
2021-06-156 17:33:05 INFO  Output for second HomeWork:100 - user created successfull
2021-06-156 17:33:11 INFO  Output for second HomeWork:137 - user modified successfull
2021-06-156 17:33:14 INFO  Output for second HomeWork:160 - user delted successfull
2021-06-156 17:33:15 INFO  Output for second HomeWork:175 - logout successfull
2021-06-156 17:33:16 INFO  Output for second HomeWork:190 - application closed successfull
2021-06-156 17:33:16 INFO  Output for second HomeWork:191 - The Execution of second HomeWork ends Here!!!!!
2021-06-156 17:33:16 INFO  Output for third HomeWork:20 - The Execution of third HomeWork Starts Here!!!!!
2021-06-156 17:33:28 INFO  Output for third HomeWork:37 - navigate Completed!!!!!
2021-06-156 17:33:33 INFO  Output for third HomeWork:53 - Login successfully!!!!!
2021-06-156 17:33:36 INFO  Output for third HomeWork:68 - customer name
2021-06-156 17:33:36 INFO  Output for third HomeWork:70 - discription  given Successfully
2021-06-156 17:33:36 INFO  Output for third HomeWork:72 - User Created Successfully
2021-06-156 17:33:42 INFO  Output for third HomeWork:91 - Customer Deleted Successfully
2021-06-156 17:33:45 INFO  Output for third HomeWork:104 - Logot successfully
2021-06-156 17:33:48 INFO  Output for third HomeWork:118 - close application successfully
2021-06-156 17:33:48 INFO  Output for fourth HomeWork:17 - The Execution of fourth HomeWork Starts Here!!!!!
2021-06-156 17:33:55 INFO  Output for fourth HomeWork:21 - Browser Opened SuccessFully
2021-06-156 17:33:58 INFO  Output for fourth HomeWork:34 - Navigated SuccessFully
2021-06-156 17:33:59 INFO  Output for fourth HomeWork:46 - Username Entered SuccessFully
2021-06-156 17:33:59 INFO  Output for fourth HomeWork:48 - Password Entered SuccessFully
2021-06-156 17:34:04 INFO  Output for fourth HomeWork:52 - Login SuccessFully
2021-06-156 17:34:04 INFO  Output for fourth HomeWork:54 - PopUpWindow closed SuccessFully
2021-06-156 17:34:07 INFO  Output for fourth HomeWork:68 - Customer name entered SuccessFully
2021-06-156 17:34:07 INFO  Output for fourth HomeWork:70 - Discription entered SuccessFully
2021-06-156 17:34:08 INFO  Output for fourth HomeWork:73 - Customer Created SuccessFully
2021-06-156 17:34:13 INFO  Output for fourth HomeWork:91 - Customer Modified SuccessFully
2021-06-156 17:34:16 INFO  Output for fourth HomeWork:107 - Customer deleted SuccessFully
2021-06-156 17:34:20 INFO  Output for fourth HomeWork:119 - Customer logot SuccessFully
2021-06-156 17:34:23 INFO  Output for fourth HomeWork:131 - Application Closed SuccessFully
2021-06-156 17:34:23 INFO  Output for fifth HomeWork:18 - The Execution of fifth HomeWork Starts Here!!!!!
2021-06-156 17:34:29 INFO  Output for fifth HomeWork:22 - Browser Opened SuccessFully
2021-06-156 17:34:32 INFO  Output for fifth HomeWork:35 - Navigated SuccessFully
2021-06-156 17:34:32 INFO  Output for fifth HomeWork:47 - Username Entered SuccessFully
2021-06-156 17:34:32 INFO  Output for fifth HomeWork:49 - Password Entered SuccessFully
2021-06-156 17:34:38 INFO  Output for fifth HomeWork:53 - Login SuccessFully
2021-06-156 17:34:38 INFO  Output for fifth HomeWork:55 - PopUpWindow closed SuccessFully
2021-06-156 17:34:40 INFO  Output for fifth HomeWork:69 - Customer name entered SuccessFully
2021-06-156 17:34:40 INFO  Output for fifth HomeWork:71 - Discription entered SuccessFully
2021-06-156 17:34:42 INFO  Output for fifth HomeWork:74 - Customer Created SuccessFully
2021-06-156 17:34:44 INFO  Output for fifth HomeWork:88 - Project name SuccessFully
2021-06-156 17:34:44 INFO  Output for fifth HomeWork:90 - Project created SuccessFully
2021-06-156 17:34:52 INFO  Output for fifth HomeWork:110 - Project deleted SuccessFully
2021-06-156 17:34:54 INFO  Output for fifth HomeWork:128 - Customer deleted SuccessFully
2021-06-156 17:34:58 INFO  Output for fifth HomeWork:140 - Customer logot SuccessFully
2021-06-156 17:35:00 INFO  Output for fifth HomeWork:152 - Application Closed SuccessFully
2021-06-156 17:35:00 INFO  Output for sixth HomeWork:18 - The Execution of sixth     HomeWork Starts Here!!!!!
2021-06-156 17:35:07 INFO  Output for sixth HomeWork:22 - Browser Opened SuccessFully
2021-06-156 17:35:10 INFO  Output for sixth HomeWork:35 - Navigated SuccessFully
2021-06-156 17:35:10 INFO  Output for sixth HomeWork:47 - Username Entered SuccessFully
2021-06-156 17:35:10 INFO  Output for sixth HomeWork:49 - Password Entered SuccessFully
2021-06-156 17:35:16 INFO  Output for sixth HomeWork:53 - Login SuccessFully
2021-06-156 17:35:16 INFO  Output for sixth HomeWork:55 - PopUpWindow closed SuccessFully
2021-06-156 17:35:18 INFO  Output for sixth HomeWork:69 - Customer name entered SuccessFully
2021-06-156 17:35:18 INFO  Output for sixth HomeWork:71 - Discription entered SuccessFully
2021-06-156 17:35:20 INFO  Output for sixth HomeWork:74 - Customer Created SuccessFully
2021-06-156 17:35:29 INFO  Output for sixth HomeWork:96 - project Created SuccessFully
2021-06-156 17:35:35 INFO  Output for sixth HomeWork:118 - Project modified SuccessFully
2021-06-156 17:35:42 INFO  Output for sixth HomeWork:140 - Project deleted SuccessFully
2021-06-156 17:35:44 INFO  Output for sixth HomeWork:158 - Customer deleted SuccessFully
2021-06-156 17:35:48 INFO  Output for sixth HomeWork:170 - Customer logot SuccessFully
2021-06-156 17:35:51 INFO  Output for sixth HomeWork:182 - Application Closed SuccessFully
2021-06-156 17:35:51 INFO  Output for seventh HomeWork:18 - The Execution of seventh     HomeWork Starts Here!!!!!
2021-06-156 17:35:58 INFO  Output for seventh HomeWork:22 - Browser Opened SuccessFully
2021-06-156 17:36:01 INFO  Output for seventh HomeWork:35 - Navigated SuccessFully
2021-06-156 17:36:01 INFO  Output for seventh HomeWork:47 - Username Entered SuccessFully
2021-06-156 17:36:01 INFO  Output for seventh HomeWork:49 - Password Entered SuccessFully
2021-06-156 17:36:07 INFO  Output for seventh HomeWork:53 - Login SuccessFully
2021-06-156 17:36:07 INFO  Output for seventh HomeWork:55 - PopUpWindow closed SuccessFully
2021-06-156 17:36:09 INFO  Output for seventh HomeWork:69 - Customer name entered SuccessFully
2021-06-156 17:36:09 INFO  Output for seventh HomeWork:71 - Discription entered SuccessFully
2021-06-156 17:36:11 INFO  Output for seventh HomeWork:74 - Customer Created SuccessFully
2021-06-156 17:36:20 INFO  Output for seventh HomeWork:96 - project Created SuccessFully
2021-06-156 17:36:25 INFO  Output for seventh HomeWork:116 - Task Created SuccessFully
2021-06-156 17:36:34 INFO  Output for seventh HomeWork:137 - Task Deleted SuccessFully
2021-06-156 17:36:40 INFO  Output for seventh HomeWork:156 - Project deleted SuccessFully
2021-06-156 17:36:46 INFO  Output for seventh HomeWork:178 - Customer deleted SuccessFully
2021-06-156 17:36:48 INFO  Output for seventh HomeWork:190 - Customer logot SuccessFully
2021-06-156 17:36:53 INFO  Output for seventh HomeWork:202 - Application Closed SuccessFully
2021-06-156 17:36:53 INFO  Output for seventh HomeWork:19 - execution of nineth program start here!!!
2021-06-156 17:36:54 INFO  Output for seventh HomeWork:23 - Browser Maximized Successfully!!!
2021-06-156 17:37:00 INFO  Output for seventh HomeWork:36 - Browser navigated Successfully!!!
2021-06-156 17:37:00 INFO  Output for seventh HomeWork:48 - Username Entered SuccessFully
2021-06-156 17:37:00 INFO  Output for seventh HomeWork:50 - Password Entered SuccessFully
2021-06-156 17:37:04 INFO  Output for seventh HomeWork:54 - Login SuccessFully
2021-06-156 17:37:04 INFO  Output for seventh HomeWork:56 - PopUpWindow closed SuccessFully
2021-06-156 17:37:04 INFO  Output for seventh HomeWork:57 - admin login  Successfully!!!
2021-06-156 17:37:16 INFO  Output for seventh HomeWork:80 - User 1 Created Successfully!!!
2021-06-156 17:37:25 INFO  Output for seventh HomeWork:101 - User 2 Created Successfully!!!
2021-06-156 17:37:33 INFO  Output for seventh HomeWork:122 - User 3 Created Successfully!!!
2021-06-156 17:37:36 INFO  Output for seventh HomeWork:135 - Admin logot Successfully!!!
2021-06-156 17:37:46 INFO  Output for seventh HomeWork:153 - User 1 login Successfully!!!
2021-06-156 17:37:48 INFO  Output for seventh HomeWork:166 - User 1 logot Successfully!!!
2021-06-156 17:37:53 INFO  Output for seventh HomeWork:183 - User 2 login Successfully!!!
2021-06-156 17:37:56 INFO  Output for seventh HomeWork:196 - User 2 logout Successfully!!!
2021-06-156 17:38:01 INFO  Output for seventh HomeWork:213 - User 3 login Successfully!!!
2021-06-156 17:38:03 INFO  Output for seventh HomeWork:226 - User 3 logot Successfully!!!
2021-06-156 17:38:05 INFO  Output for seventh HomeWork:241 - Admin Successfully!!!
2021-06-156 17:38:15 INFO  Output for seventh HomeWork:263 - User 1 deleted Successfully!!!
2021-06-156 17:38:25 INFO  Output for seventh HomeWork:285 - User 2 deleted Successfully!!!
2021-06-156 17:38:34 INFO  Output for seventh HomeWork:307 - User 3 deleted Successfully!!!
2021-06-156 17:38:37 INFO  Output for seventh HomeWork:320 - Admin logot Successfully!!!
2021-06-156 17:38:37 INFO  Output for seventh HomeWork:332 - Application Closed Successfully!!!
2021-06-156 17:38:37 INFO  Output for seventh HomeWork:20 - Tenth Homework execution starts Here!!!
2021-06-156 17:38:43 INFO  Output for seventh HomeWork:36 - navigated Successfully!!!
2021-06-156 17:38:43 INFO  Output for seventh HomeWork:49 - Username Entered SuccessFully
2021-06-156 17:38:43 INFO  Output for seventh HomeWork:51 - Password Entered SuccessFully
2021-06-156 17:38:47 INFO  Output for seventh HomeWork:55 - Login SuccessFully
2021-06-156 17:38:47 INFO  Output for seventh HomeWork:57 - PopUpWindow closed SuccessFully
2021-06-156 17:38:47 INFO  Output for seventh HomeWork:58 - admin login  Successfully!!!
2021-06-156 17:39:00 INFO  Output for seventh HomeWork:81 - User 1 Created Successfully!!!
2021-06-156 17:39:02 INFO  Output for seventh HomeWork:94 - Admin Logot Successfully!!!
2021-06-156 17:39:08 INFO  Output for seventh HomeWork:112 - User 1 login Successfully!!!
2021-06-156 17:39:20 INFO  Output for seventh HomeWork:135 - User 2 Created Successfully!!!
2021-06-156 17:39:22 INFO  Output for seventh HomeWork:148 - User 1 logout Successfully!!!
2021-06-156 17:39:27 INFO  Output for seventh HomeWork:165 - User 2 login Successfully!!!
2021-06-156 17:39:39 INFO  Output for seventh HomeWork:188 - User 3 Created Successfully!!!
2021-06-156 17:39:41 INFO  Output for seventh HomeWork:201 - User 2 logout Successfully!!!
2021-06-156 17:39:43 INFO  Output for seventh HomeWork:216 - Admin login Successfully!!!
2021-06-156 17:39:56 INFO  Output for seventh HomeWork:244 - User 1 Modified Successfully!!!
2021-06-156 17:39:59 INFO  Output for seventh HomeWork:257 - Admin Logout Successfully!!!
2021-06-156 17:40:14 INFO  Output for seventh HomeWork:303 - User 2 modified Successfully!!!
2021-06-156 17:40:16 INFO  Output for seventh HomeWork:316 - Modified user 1 logout Successfully!!!
2021-06-156 17:40:31 INFO  Output for seventh HomeWork:361 - User 3 Modified Successfully!!!
2021-06-156 17:40:34 INFO  Output for seventh HomeWork:374 - Modified user 2 logout Successfully!!!
2021-06-156 17:40:46 INFO  Output for seventh HomeWork:413 - User 3 deleted Successfully!!!
2021-06-156 17:40:48 INFO  Output for seventh HomeWork:426 - logout User 2  Successfully!!!
2021-06-156 17:41:01 INFO  Output for seventh HomeWork:466 - delete user2 Successfully!!!
2021-06-156 17:41:03 INFO  Output for seventh HomeWork:479 - User1 logout Successfully!!!
2021-06-156 17:41:05 INFO  Output for seventh HomeWork:494 - admin again login Successfully!!!
2021-06-156 17:41:15 INFO  Output for seventh HomeWork:516 - User 1 Deleted Successfully!!!
2021-06-156 17:41:17 INFO  Output for seventh HomeWork:529 - Admin again logout Successfully!!!
2021-06-156 17:41:18 INFO  Output for seventh HomeWork:541 - browser closed Successfully!!!
